2020-04-29T14:15:46+09:00  97
2020-04-29T14:15:47+09:00  97
2020-04-29T14:15:48+09:00  97
2020-04-29T14:15:49+09:00  97
2020-04-29T14:15:51+09:00  97
2020-04-29T14:15:52+09:00  97
2020-04-29T14:15:53+09:00  97
2020-04-29T14:15:54+09:00  97
2020-04-29T14:15:55+09:00  97
2020-04-29T14:15:56+09:00  97
2020-04-29T14:15:57+09:00  97
2020-04-29T14:15:58+09:00  97
2020-04-29T14:15:59+09:00  97
2020-04-29T14:16:00+09:00  97
2020-04-29T14:16:01+09:00  97
2020-04-29T14:16:02+09:00  97
2020-04-29T14:16:03+09:00  97
2020-04-29T14:16:04+09:00  97
2020-04-29T14:16:05+09:00  97
2020-04-29T14:16:06+09:00  97
2020-04-29T14:16:07+09:00  97
2020-04-29T14:16:08+09:00  97
2020-04-29T14:16:09+09:00  111
2020-04-29T14:16:10+09:00  167
2020-04-29T14:16:11+09:00  224
2020-04-29T14:16:12+09:00  279
2020-04-29T14:16:13+09:00  278
2020-04-29T14:16:14+09:00  131
2020-04-29T14:16:15+09:00  187
2020-04-29T14:16:16+09:00  245
2020-04-29T14:16:17+09:00  303
2020-04-29T14:16:18+09:00  361
2020-04-29T14:16:19+09:00  419
2020-04-29T14:16:20+09:00  109
2020-04-29T14:16:22+09:00  167
2020-04-29T14:16:23+09:00  225
2020-04-29T14:16:24+09:00  284
2020-04-29T14:16:25+09:00  342
2020-04-29T14:16:26+09:00  398
2020-04-29T14:16:27+09:00  88
2020-04-29T14:16:28+09:00  146
2020-04-29T14:16:29+09:00  205
2020-04-29T14:16:30+09:00  264
2020-04-29T14:16:31+09:00  324
2020-04-29T14:16:32+09:00  384
2020-04-29T14:16:33+09:00  74
2020-04-29T14:16:34+09:00  133
2020-04-29T14:16:35+09:00  196
2020-04-29T14:16:36+09:00  254
2020-04-29T14:16:37+09:00  315
2020-04-29T14:16:38+09:00  376
2020-04-29T14:16:39+09:00  434
2020-04-29T14:16:40+09:00  120
2020-04-29T14:16:42+09:00  176
2020-04-29T14:16:43+09:00  234
2020-04-29T14:16:44+09:00  295
2020-04-29T14:16:45+09:00  356
2020-04-29T14:16:46+09:00  413
2020-04-29T14:16:47+09:00  108
2020-04-29T14:16:48+09:00  169
2020-04-29T14:16:49+09:00  230
2020-04-29T14:16:50+09:00  291
2020-04-29T14:16:51+09:00  352
2020-04-29T14:16:52+09:00  102
2020-04-29T14:16:53+09:00  164
2020-04-29T14:16:54+09:00  224
2020-04-29T14:16:55+09:00  286
2020-04-29T14:16:56+09:00  347
2020-04-29T14:16:57+09:00  101
2020-04-29T14:16:58+09:00  160
2020-04-29T14:16:59+09:00  221
2020-04-29T14:17:00+09:00  283
2020-04-29T14:17:02+09:00  344
2020-04-29T14:17:03+09:00  115
2020-04-29T14:17:04+09:00  172
2020-04-29T14:17:05+09:00  233
2020-04-29T14:17:06+09:00  293
2020-04-29T14:17:07+09:00  354
2020-04-29T14:17:08+09:00  121
2020-04-29T14:17:09+09:00  183
2020-04-29T14:17:10+09:00  244
2020-04-29T14:17:11+09:00  304
2020-04-29T14:17:12+09:00  80
2020-04-29T14:17:13+09:00  141
2020-04-29T14:17:14+09:00  203
2020-04-29T14:17:15+09:00  263
2020-04-29T14:17:16+09:00  324
2020-04-29T14:17:17+09:00  98
2020-04-29T14:17:18+09:00  158
2020-04-29T14:17:20+09:00  220
2020-04-29T14:17:21+09:00  282
2020-04-29T14:17:22+09:00  343
2020-04-29T14:17:23+09:00  117
2020-04-29T14:17:24+09:00  179
2020-04-29T14:17:25+09:00  240
2020-04-29T14:17:26+09:00  299
2020-04-29T14:17:27+09:00  359
2020-04-29T14:17:28+09:00  133
2020-04-29T14:17:29+09:00  194
2020-04-29T14:17:30+09:00  253
2020-04-29T14:17:31+09:00  315
2020-04-29T14:17:32+09:00  89
2020-04-29T14:17:33+09:00  151
2020-04-29T14:17:34+09:00  212
2020-04-29T14:17:35+09:00  273
2020-04-29T14:17:36+09:00  334
2020-04-29T14:17:38+09:00  0
2020-04-29T14:17:39+09:00  0
2020-04-29T14:17:40+09:00  0
2020-04-29T14:17:41+09:00  0
2020-04-29T14:17:42+09:00  0
2020-04-29T14:17:43+09:00  0
2020-04-29T14:17:44+09:00  0
2020-04-29T14:17:45+09:00  0
2020-04-29T14:17:46+09:00  0
2020-04-29T14:17:47+09:00  0
2020-04-29T14:17:48+09:00  0
2020-04-29T14:17:49+09:00  0
2020-04-29T14:17:50+09:00  0
2020-04-29T14:17:51+09:00  0
2020-04-29T14:17:52+09:00  0
2020-04-29T14:17:53+09:00  0
2020-04-29T14:17:54+09:00  0
2020-04-29T14:17:55+09:00  0
2020-04-29T14:17:56+09:00  0
2020-04-29T14:17:57+09:00  0
2020-04-29T14:17:58+09:00  0
2020-04-29T14:17:59+09:00  0
2020-04-29T14:18:00+09:00  0
2020-04-29T14:18:01+09:00  0
2020-04-29T14:18:02+09:00  0
2020-04-29T14:18:03+09:00  0
2020-04-29T14:18:04+09:00  0
2020-04-29T14:18:05+09:00  0
2020-04-29T14:18:06+09:00  0
2020-04-29T14:18:07+09:00  0
2020-04-29T14:18:08+09:00  0
2020-04-29T14:18:09+09:00  0
2020-04-29T14:18:10+09:00  0
2020-04-29T14:18:11+09:00  0
2020-04-29T14:18:12+09:00  0
2020-04-29T14:18:13+09:00  0
2020-04-29T14:18:14+09:00  0
2020-04-29T14:18:15+09:00  0
2020-04-29T14:18:16+09:00  0
2020-04-29T14:18:17+09:00  0
2020-04-29T14:18:18+09:00  0
2020-04-29T14:18:19+09:00  0
2020-04-29T14:18:20+09:00  0
2020-04-29T14:18:21+09:00  0
2020-04-29T14:18:22+09:00  0
2020-04-29T14:18:23+09:00  0
2020-04-29T14:18:24+09:00  0
2020-04-29T14:18:25+09:00  0
2020-04-29T14:18:26+09:00  0
2020-04-29T14:18:27+09:00  0
2020-04-29T14:18:28+09:00  0
2020-04-29T14:18:29+09:00  0
2020-04-29T14:18:30+09:00  0
2020-04-29T14:18:31+09:00  0
2020-04-29T14:18:32+09:00  0
2020-04-29T14:18:33+09:00  0
2020-04-29T14:18:34+09:00  0
2020-04-29T14:18:35+09:00  0
2020-04-29T14:18:36+09:00  0
2020-04-29T14:18:37+09:00  0
2020-04-29T14:18:38+09:00  0
2020-04-29T14:18:40+09:00  0
2020-04-29T14:18:41+09:00  0
2020-04-29T14:18:42+09:00  0
2020-04-29T14:18:43+09:00  0
2020-04-29T14:18:44+09:00  0
2020-04-29T14:18:45+09:00  0
2020-04-29T14:18:46+09:00  0
2020-04-29T14:18:47+09:00  0
2020-04-29T14:18:48+09:00  0
2020-04-29T14:18:49+09:00  0
2020-04-29T14:18:50+09:00  0
2020-04-29T14:18:51+09:00  0
2020-04-29T14:18:52+09:00  0
2020-04-29T14:18:53+09:00  0
2020-04-29T14:18:54+09:00  0
2020-04-29T14:18:55+09:00  0
2020-04-29T14:18:56+09:00  0
2020-04-29T14:18:57+09:00  0
2020-04-29T14:18:58+09:00  0
2020-04-29T14:18:59+09:00  0
2020-04-29T14:19:00+09:00  0
2020-04-29T14:19:01+09:00  0
2020-04-29T14:19:02+09:00  0
2020-04-29T14:19:03+09:00  0
2020-04-29T14:19:04+09:00  0
2020-04-29T14:19:05+09:00  0
2020-04-29T14:19:06+09:00  0
2020-04-29T14:19:07+09:00  0
2020-04-29T14:19:08+09:00  0
2020-04-29T14:19:09+09:00  0
2020-04-29T14:19:10+09:00  0
2020-04-29T14:19:11+09:00  0
2020-04-29T14:19:12+09:00  0
2020-04-29T14:19:13+09:00  0
2020-04-29T14:19:14+09:00  0
2020-04-29T14:19:15+09:00  0
2020-04-29T14:19:16+09:00  0
2020-04-29T14:19:17+09:00  0
2020-04-29T14:19:18+09:00  0
2020-04-29T14:19:19+09:00  0
2020-04-29T14:19:20+09:00  0
2020-04-29T14:19:21+09:00  0
2020-04-29T14:19:22+09:00  0
2020-04-29T14:19:23+09:00  0
2020-04-29T14:19:24+09:00  0
2020-04-29T14:19:25+09:00  0
2020-04-29T14:19:26+09:00  0
2020-04-29T14:19:27+09:00  0
2020-04-29T14:19:28+09:00  0
2020-04-29T14:19:29+09:00  0
2020-04-29T14:19:30+09:00  0
2020-04-29T14:19:31+09:00  0
2020-04-29T14:19:32+09:00  0
2020-04-29T14:19:33+09:00  0
2020-04-29T14:19:34+09:00  0
2020-04-29T14:19:35+09:00  0
2020-04-29T14:19:36+09:00  0
2020-04-29T14:19:37+09:00  0
2020-04-29T14:19:38+09:00  0
2020-04-29T14:19:39+09:00  0
2020-04-29T14:19:40+09:00  0
2020-04-29T14:19:41+09:00  0
2020-04-29T14:19:42+09:00  0
2020-04-29T14:19:43+09:00  0
2020-04-29T14:19:45+09:00  0
2020-04-29T14:19:46+09:00  0
2020-04-29T14:19:47+09:00  0
2020-04-29T14:19:48+09:00  0
2020-04-29T14:19:49+09:00  0
2020-04-29T14:19:50+09:00  0
2020-04-29T14:19:51+09:00  0
2020-04-29T14:19:52+09:00  0
2020-04-29T14:19:53+09:00  0
2020-04-29T14:19:54+09:00  0
2020-04-29T14:19:55+09:00  0
2020-04-29T14:19:56+09:00  0
2020-04-29T14:19:57+09:00  0
2020-04-29T14:19:58+09:00  0
2020-04-29T14:19:59+09:00  0
2020-04-29T14:20:00+09:00  0
2020-04-29T14:20:01+09:00  0
2020-04-29T14:20:02+09:00  0
2020-04-29T14:20:03+09:00  0
2020-04-29T14:20:04+09:00  0
2020-04-29T14:20:05+09:00  0
2020-04-29T14:20:06+09:00  0
2020-04-29T14:20:07+09:00  0
2020-04-29T14:20:08+09:00  0
2020-04-29T14:20:09+09:00  0
2020-04-29T14:20:10+09:00  0
2020-04-29T14:20:11+09:00  0
2020-04-29T14:20:12+09:00  0
2020-04-29T14:20:13+09:00  0
2020-04-29T14:20:14+09:00  0
2020-04-29T14:20:15+09:00  0
2020-04-29T14:20:16+09:00  0
2020-04-29T14:20:17+09:00  0
2020-04-29T14:20:18+09:00  0
2020-04-29T14:20:19+09:00  0
2020-04-29T14:20:20+09:00  0
2020-04-29T14:20:21+09:00  0
2020-04-29T14:20:22+09:00  0
2020-04-29T14:20:23+09:00  0
2020-04-29T14:20:24+09:00  0
2020-04-29T14:20:25+09:00  0
2020-04-29T14:20:26+09:00  0
2020-04-29T14:20:27+09:00  0
2020-04-29T14:20:28+09:00  0
2020-04-29T14:20:29+09:00  0
2020-04-29T14:20:30+09:00  0
2020-04-29T14:20:31+09:00  0
2020-04-29T14:20:32+09:00  0
2020-04-29T14:20:33+09:00  0
2020-04-29T14:20:34+09:00  0
2020-04-29T14:20:35+09:00  0
2020-04-29T14:20:36+09:00  0
2020-04-29T14:20:37+09:00  0
2020-04-29T14:20:38+09:00  0
2020-04-29T14:20:39+09:00  0
2020-04-29T14:20:40+09:00  0
2020-04-29T14:20:41+09:00  0
2020-04-29T14:20:42+09:00  0
2020-04-29T14:20:43+09:00  0
2020-04-29T14:20:44+09:00  0
2020-04-29T14:20:45+09:00  0
2020-04-29T14:20:46+09:00  0
2020-04-29T14:20:47+09:00  0
2020-04-29T14:20:48+09:00  0
2020-04-29T14:20:49+09:00  0
2020-04-29T14:20:50+09:00  0
2020-04-29T14:20:51+09:00  0
2020-04-29T14:20:52+09:00  0
2020-04-29T14:20:54+09:00  0
2020-04-29T14:20:55+09:00  0
2020-04-29T14:20:56+09:00  0
2020-04-29T14:20:57+09:00  0
2020-04-29T14:20:58+09:00  0
2020-04-29T14:20:59+09:00  0
2020-04-29T14:21:00+09:00  0
2020-04-29T14:21:01+09:00  0
2020-04-29T14:21:02+09:00  0
2020-04-29T14:21:03+09:00  0
2020-04-29T14:21:04+09:00  0
2020-04-29T14:21:05+09:00  0
2020-04-29T14:21:06+09:00  0
2020-04-29T14:21:07+09:00  0
2020-04-29T14:21:08+09:00  0
2020-04-29T14:21:09+09:00  0
2020-04-29T14:21:10+09:00  0
2020-04-29T14:21:11+09:00  0
2020-04-29T14:21:12+09:00  0
2020-04-29T14:21:13+09:00  0
2020-04-29T14:21:14+09:00  0
2020-04-29T14:21:15+09:00  0
2020-04-29T14:21:16+09:00  0
2020-04-29T14:21:17+09:00  0
2020-04-29T14:21:18+09:00  0
2020-04-29T14:21:19+09:00  0
2020-04-29T14:21:20+09:00  0
2020-04-29T14:21:21+09:00  0
2020-04-29T14:21:22+09:00  0
2020-04-29T14:21:23+09:00  0
2020-04-29T14:21:24+09:00  0
2020-04-29T14:21:25+09:00  0
2020-04-29T14:21:26+09:00  0
2020-04-29T14:21:27+09:00  0
2020-04-29T14:21:28+09:00  0
2020-04-29T14:21:29+09:00  0
2020-04-29T14:21:30+09:00  0
2020-04-29T14:21:31+09:00  0
2020-04-29T14:21:32+09:00  0
2020-04-29T14:21:33+09:00  0
2020-04-29T14:21:34+09:00  0
2020-04-29T14:21:35+09:00  0
2020-04-29T14:21:36+09:00  0
2020-04-29T14:21:37+09:00  0
2020-04-29T14:21:38+09:00  0
2020-04-29T14:21:39+09:00  0
2020-04-29T14:21:40+09:00  0
2020-04-29T14:21:41+09:00  0
2020-04-29T14:21:42+09:00  0
2020-04-29T14:21:43+09:00  0
2020-04-29T14:21:44+09:00  0
2020-04-29T14:21:45+09:00  0
2020-04-29T14:21:46+09:00  0
2020-04-29T14:21:47+09:00  0
2020-04-29T14:21:48+09:00  0
2020-04-29T14:21:49+09:00  0
2020-04-29T14:21:50+09:00  0
2020-04-29T14:21:51+09:00  0
2020-04-29T14:21:52+09:00  0
2020-04-29T14:21:53+09:00  0
2020-04-29T14:21:54+09:00  0
2020-04-29T14:21:55+09:00  0
2020-04-29T14:21:56+09:00  0
2020-04-29T14:21:57+09:00  0
2020-04-29T14:21:58+09:00  0
2020-04-29T14:21:59+09:00  0
2020-04-29T14:22:00+09:00  0
2020-04-29T14:22:01+09:00  0
2020-04-29T14:22:03+09:00  0
2020-04-29T14:22:04+09:00  0
2020-04-29T14:22:05+09:00  0
2020-04-29T14:22:06+09:00  0
2020-04-29T14:22:07+09:00  0
2020-04-29T14:22:08+09:00  0
2020-04-29T14:22:09+09:00  0
2020-04-29T14:22:10+09:00  0
2020-04-29T14:22:11+09:00  0
2020-04-29T14:22:12+09:00  0
2020-04-29T14:22:13+09:00  0
2020-04-29T14:22:14+09:00  0
2020-04-29T14:22:15+09:00  0
2020-04-29T14:22:16+09:00  0
2020-04-29T14:22:17+09:00  0
2020-04-29T14:22:18+09:00  0
2020-04-29T14:22:19+09:00  0
2020-04-29T14:22:20+09:00  0
2020-04-29T14:22:21+09:00  0
2020-04-29T14:22:22+09:00  0
2020-04-29T14:22:23+09:00  0
2020-04-29T14:22:24+09:00  0
2020-04-29T14:22:25+09:00  0
2020-04-29T14:22:26+09:00  0
2020-04-29T14:22:27+09:00  0
2020-04-29T14:22:28+09:00  0
2020-04-29T14:22:29+09:00  0
2020-04-29T14:22:30+09:00  0
2020-04-29T14:22:31+09:00  0
2020-04-29T14:22:32+09:00  0
2020-04-29T14:22:33+09:00  0
2020-04-29T14:22:34+09:00  0
2020-04-29T14:22:35+09:00  0
2020-04-29T14:22:36+09:00  0
2020-04-29T14:22:37+09:00  0
2020-04-29T14:22:38+09:00  0
2020-04-29T14:22:39+09:00  0
2020-04-29T14:22:40+09:00  0
2020-04-29T14:22:41+09:00  0
2020-04-29T14:22:42+09:00  0
2020-04-29T14:22:43+09:00  0
2020-04-29T14:22:44+09:00  0
2020-04-29T14:22:45+09:00  0
2020-04-29T14:22:46+09:00  0
2020-04-29T14:22:47+09:00  0
2020-04-29T14:22:48+09:00  0
2020-04-29T14:22:49+09:00  0
2020-04-29T14:22:50+09:00  0
2020-04-29T14:22:51+09:00  0
2020-04-29T14:22:52+09:00  0
2020-04-29T14:22:53+09:00  0
2020-04-29T14:22:54+09:00  0
2020-04-29T14:22:55+09:00  0
2020-04-29T14:22:56+09:00  0
2020-04-29T14:22:57+09:00  0
2020-04-29T14:22:58+09:00  0
2020-04-29T14:22:59+09:00  0
2020-04-29T14:23:00+09:00  0
2020-04-29T14:23:01+09:00  0
2020-04-29T14:23:02+09:00  0
2020-04-29T14:23:04+09:00  0
2020-04-29T14:23:05+09:00  0
2020-04-29T14:23:06+09:00  0
2020-04-29T14:23:07+09:00  0
2020-04-29T14:23:08+09:00  0
2020-04-29T14:23:09+09:00  0
2020-04-29T14:23:10+09:00  0
2020-04-29T14:23:11+09:00  0
2020-04-29T14:23:12+09:00  0
2020-04-29T14:23:13+09:00  0
2020-04-29T14:23:14+09:00  0
2020-04-29T14:23:15+09:00  0
2020-04-29T14:23:16+09:00  0
2020-04-29T14:23:17+09:00  0
2020-04-29T14:23:18+09:00  0
2020-04-29T14:23:19+09:00  0
2020-04-29T14:23:20+09:00  0
2020-04-29T14:23:21+09:00  0
2020-04-29T14:23:22+09:00  0
2020-04-29T14:23:23+09:00  0
2020-04-29T14:23:24+09:00  0
2020-04-29T14:23:25+09:00  0
2020-04-29T14:23:26+09:00  0
2020-04-29T14:23:27+09:00  0
2020-04-29T14:23:28+09:00  0
2020-04-29T14:23:29+09:00  0
2020-04-29T14:23:30+09:00  0
2020-04-29T14:23:31+09:00  0
2020-04-29T14:23:32+09:00  0
2020-04-29T14:23:33+09:00  0
2020-04-29T14:23:34+09:00  0
2020-04-29T14:23:35+09:00  0
2020-04-29T14:23:36+09:00  0
2020-04-29T14:23:37+09:00  0
2020-04-29T14:23:38+09:00  0
2020-04-29T14:23:39+09:00  0
2020-04-29T14:23:40+09:00  0
2020-04-29T14:23:41+09:00  0
2020-04-29T14:23:42+09:00  0
2020-04-29T14:23:43+09:00  0
2020-04-29T14:23:44+09:00  0
2020-04-29T14:23:45+09:00  0
2020-04-29T14:23:46+09:00  0
2020-04-29T14:23:47+09:00  0
2020-04-29T14:23:48+09:00  0
2020-04-29T14:23:49+09:00  0
2020-04-29T14:23:50+09:00  0
2020-04-29T14:23:51+09:00  0
2020-04-29T14:23:52+09:00  0
2020-04-29T14:23:53+09:00  0
2020-04-29T14:23:54+09:00  0
2020-04-29T14:23:55+09:00  0
2020-04-29T14:23:56+09:00  0
2020-04-29T14:23:57+09:00  0
2020-04-29T14:23:58+09:00  0
2020-04-29T14:23:59+09:00  0
2020-04-29T14:24:00+09:00  0
2020-04-29T14:24:01+09:00  0
2020-04-29T14:24:02+09:00  0
2020-04-29T14:24:03+09:00  0
2020-04-29T14:24:04+09:00  0
2020-04-29T14:24:05+09:00  0
2020-04-29T14:24:06+09:00  0
2020-04-29T14:24:08+09:00  0
2020-04-29T14:24:09+09:00  0
2020-04-29T14:24:10+09:00  0
2020-04-29T14:24:11+09:00  0
2020-04-29T14:24:12+09:00  0
2020-04-29T14:24:13+09:00  0
2020-04-29T14:24:14+09:00  0
2020-04-29T14:24:15+09:00  0
2020-04-29T14:24:16+09:00  0
2020-04-29T14:24:17+09:00  0
2020-04-29T14:24:18+09:00  0
2020-04-29T14:24:19+09:00  0
2020-04-29T14:24:20+09:00  0
2020-04-29T14:24:21+09:00  0
2020-04-29T14:24:22+09:00  0
2020-04-29T14:24:23+09:00  0
2020-04-29T14:24:24+09:00  0
2020-04-29T14:24:25+09:00  0
2020-04-29T14:24:26+09:00  0
2020-04-29T14:24:27+09:00  0
2020-04-29T14:24:28+09:00  0
2020-04-29T14:24:29+09:00  0
2020-04-29T14:24:30+09:00  0
2020-04-29T14:24:31+09:00  0
2020-04-29T14:24:32+09:00  0
2020-04-29T14:24:33+09:00  0
2020-04-29T14:24:34+09:00  0
2020-04-29T14:24:35+09:00  0
2020-04-29T14:24:36+09:00  0
2020-04-29T14:24:37+09:00  0
2020-04-29T14:24:38+09:00  0
2020-04-29T14:24:39+09:00  0
2020-04-29T14:24:40+09:00  0
2020-04-29T14:24:41+09:00  0
2020-04-29T14:24:42+09:00  0
2020-04-29T14:24:43+09:00  0
2020-04-29T14:24:44+09:00  0
2020-04-29T14:24:45+09:00  0
2020-04-29T14:24:46+09:00  0
2020-04-29T14:24:47+09:00  0
2020-04-29T14:24:48+09:00  0
2020-04-29T14:24:49+09:00  0
2020-04-29T14:24:50+09:00  0
2020-04-29T14:24:51+09:00  0
2020-04-29T14:24:52+09:00  0
2020-04-29T14:24:53+09:00  0
2020-04-29T14:24:54+09:00  0
2020-04-29T14:24:55+09:00  0
2020-04-29T14:24:56+09:00  0
2020-04-29T14:24:57+09:00  0
2020-04-29T14:24:58+09:00  0
2020-04-29T14:24:59+09:00  0
2020-04-29T14:25:00+09:00  0
2020-04-29T14:25:01+09:00  0
2020-04-29T14:25:02+09:00  0
2020-04-29T14:25:03+09:00  0
2020-04-29T14:25:04+09:00  0
2020-04-29T14:25:05+09:00  0
2020-04-29T14:25:06+09:00  0
2020-04-29T14:25:07+09:00  0
2020-04-29T14:25:08+09:00  0
2020-04-29T14:25:09+09:00  0
2020-04-29T14:25:11+09:00  0
2020-04-29T14:25:12+09:00  0
2020-04-29T14:25:13+09:00  0
2020-04-29T14:25:14+09:00  0
2020-04-29T14:25:15+09:00  0
2020-04-29T14:25:16+09:00  0
2020-04-29T14:25:17+09:00  0
2020-04-29T14:25:18+09:00  0
2020-04-29T14:25:19+09:00  0
2020-04-29T14:25:20+09:00  0
2020-04-29T14:25:21+09:00  0
2020-04-29T14:25:22+09:00  0
2020-04-29T14:25:23+09:00  0
2020-04-29T14:25:24+09:00  0
2020-04-29T14:25:25+09:00  0
2020-04-29T14:25:26+09:00  0
2020-04-29T14:25:27+09:00  0
2020-04-29T14:25:28+09:00  0
2020-04-29T14:25:29+09:00  0
2020-04-29T14:25:30+09:00  0
2020-04-29T14:25:31+09:00  0
2020-04-29T14:25:32+09:00  0
2020-04-29T14:25:33+09:00  0
2020-04-29T14:25:34+09:00  0
2020-04-29T14:25:35+09:00  0
2020-04-29T14:25:36+09:00  0
2020-04-29T14:25:37+09:00  0
2020-04-29T14:25:38+09:00  0
2020-04-29T14:25:39+09:00  0
2020-04-29T14:25:40+09:00  0
2020-04-29T14:25:41+09:00  0
2020-04-29T14:25:42+09:00  0
2020-04-29T14:25:43+09:00  0
2020-04-29T14:25:44+09:00  0
2020-04-29T14:25:45+09:00  0
2020-04-29T14:25:46+09:00  0
2020-04-29T14:25:47+09:00  0
2020-04-29T14:25:48+09:00  0
2020-04-29T14:25:49+09:00  0
2020-04-29T14:25:50+09:00  0
2020-04-29T14:25:51+09:00  0
2020-04-29T14:25:52+09:00  0
2020-04-29T14:25:53+09:00  0
2020-04-29T14:25:54+09:00  0
2020-04-29T14:25:55+09:00  0
2020-04-29T14:25:56+09:00  0
2020-04-29T14:25:57+09:00  0
2020-04-29T14:25:58+09:00  0
2020-04-29T14:25:59+09:00  0
2020-04-29T14:26:00+09:00  0
2020-04-29T14:26:01+09:00  0
2020-04-29T14:26:02+09:00  0
2020-04-29T14:26:03+09:00  0
2020-04-29T14:26:04+09:00  0
2020-04-29T14:26:05+09:00  0
2020-04-29T14:26:06+09:00  0
2020-04-29T14:26:07+09:00  0
2020-04-29T14:26:08+09:00  0
2020-04-29T14:26:09+09:00  0
2020-04-29T14:26:10+09:00  0
2020-04-29T14:26:11+09:00  0
2020-04-29T14:26:12+09:00  0
2020-04-29T14:26:13+09:00  0
2020-04-29T14:26:15+09:00  0
2020-04-29T14:26:16+09:00  0
2020-04-29T14:26:17+09:00  0
2020-04-29T14:26:18+09:00  0
2020-04-29T14:26:19+09:00  0
2020-04-29T14:26:20+09:00  0
2020-04-29T14:26:21+09:00  0
2020-04-29T14:26:22+09:00  0
2020-04-29T14:26:23+09:00  0
2020-04-29T14:26:24+09:00  0
2020-04-29T14:26:25+09:00  0
2020-04-29T14:26:26+09:00  0
2020-04-29T14:26:27+09:00  0
2020-04-29T14:26:28+09:00  0
2020-04-29T14:26:29+09:00  0
2020-04-29T14:26:30+09:00  0
2020-04-29T14:26:31+09:00  0
2020-04-29T14:26:32+09:00  0
2020-04-29T14:26:33+09:00  0
2020-04-29T14:26:34+09:00  0
2020-04-29T14:26:35+09:00  0
2020-04-29T14:26:36+09:00  0
2020-04-29T14:26:37+09:00  0
2020-04-29T14:26:38+09:00  0
2020-04-29T14:26:39+09:00  0
2020-04-29T14:26:40+09:00  0
2020-04-29T14:26:41+09:00  0
2020-04-29T14:26:42+09:00  0
2020-04-29T14:26:43+09:00  0
2020-04-29T14:26:44+09:00  0
2020-04-29T14:26:45+09:00  0
2020-04-29T14:26:46+09:00  0
2020-04-29T14:26:47+09:00  0
2020-04-29T14:26:48+09:00  0
2020-04-29T14:26:49+09:00  0
2020-04-29T14:26:50+09:00  0
2020-04-29T14:26:51+09:00  0
2020-04-29T14:26:52+09:00  0
2020-04-29T14:26:53+09:00  0
2020-04-29T14:26:54+09:00  0
2020-04-29T14:26:55+09:00  0
2020-04-29T14:26:56+09:00  0
2020-04-29T14:26:57+09:00  0
2020-04-29T14:26:58+09:00  0
2020-04-29T14:26:59+09:00  0
2020-04-29T14:27:00+09:00  0
2020-04-29T14:27:01+09:00  0
2020-04-29T14:27:02+09:00  0
2020-04-29T14:27:03+09:00  0
2020-04-29T14:27:04+09:00  0
2020-04-29T14:27:05+09:00  0
2020-04-29T14:27:06+09:00  0
2020-04-29T14:27:07+09:00  0
2020-04-29T14:27:08+09:00  0
2020-04-29T14:27:09+09:00  0
2020-04-29T14:27:10+09:00  0
2020-04-29T14:27:11+09:00  0
2020-04-29T14:27:12+09:00  0
2020-04-29T14:27:13+09:00  0
